
bb_init()
    conn:
    proto_major = 7
    proto_minor = 26
    async_read = 1
    max_write = 131072
    max_readahead = 131072
    capable = 00000ffb
    want = 00000010
    max_background = 0
    congestion_threshold = 0
    context:
    fuse = c85a17f0
    uid = 0
    gid = 0
    pid = 0
    private_data = c85a0260
    logfile = c85a1290
    rootdir = /home/hw210/566ece/fuse-tutorial-2018-02-04/example/testdir
    umask = 00000

bb_getattr(path="/", statbuf=0x5e019c00)
    bb_fullpath:  rootdir = "/home/hw210/566ece/fuse-tutorial-2018-02-04/example/testdir", path = "/", fpath = "/home/hw210/566ece/fuse-tutorial-2018-02-04/example/testdir/"
    lstat returned 0
    si:
    st_dev = 64770
    st_ino = 12583116
    st_mode = 040775
    st_nlink = 2
    st_uid = 1187498
    st_gid = 1002
    st_rdev = 0
    st_size = 87
    st_blksize = 4096
    st_blocks = 0
    st_atime = 0x5d6fd2d7
    st_mtime = 0x5d6fd2cf
    st_ctime = 0x5d6fd2cf

bb_getattr(path="/", statbuf=0x5e81ac00)
    bb_fullpath:  rootdir = "/home/hw210/566ece/fuse-tutorial-2018-02-04/example/testdir", path = "/", fpath = "/home/hw210/566ece/fuse-tutorial-2018-02-04/example/testdir/"
    lstat returned 0
    si:
    st_dev = 64770
    st_ino = 12583116
    st_mode = 040775
    st_nlink = 2
    st_uid = 1187498
    st_gid = 1002
    st_rdev = 0
    st_size = 87
    st_blksize = 4096
    st_blocks = 0
    st_atime = 0x5d6fd2d7
    st_mtime = 0x5d6fd2cf
    st_ctime = 0x5d6fd2cf

bb_access(path="/", mask=01)
    bb_fullpath:  rootdir = "/home/hw210/566ece/fuse-tutorial-2018-02-04/example/testdir", path = "/", fpath = "/home/hw210/566ece/fuse-tutorial-2018-02-04/example/testdir/"

bb_opendir(path="/", fi=0x5e81ac20)
    bb_fullpath:  rootdir = "/home/hw210/566ece/fuse-tutorial-2018-02-04/example/testdir", path = "/", fpath = "/home/hw210/566ece/fuse-tutorial-2018-02-04/example/testdir/"
    opendir returned 0x0x7fe958002010
    fi:
    flags = 0x00018800
    fh_old = 0x00000000
    writepage = 0
    direct_io = 0
    keep_cache = 0
    fh = 0x00007fe958002010
    lock_owner = 0x0000000000000000

bb_getattr(path="/", statbuf=0x5e019c00)
    bb_fullpath:  rootdir = "/home/hw210/566ece/fuse-tutorial-2018-02-04/example/testdir", path = "/", fpath = "/home/hw210/566ece/fuse-tutorial-2018-02-04/example/testdir/"
    lstat returned 0
    si:
    st_dev = 64770
    st_ino = 12583116
    st_mode = 040775
    st_nlink = 2
    st_uid = 1187498
    st_gid = 1002
    st_rdev = 0
    st_size = 87
    st_blksize = 4096
    st_blocks = 0
    st_atime = 0x5d6fd2d7
    st_mtime = 0x5d6fd2cf
    st_ctime = 0x5d6fd2cf

bb_readdir(path="/", buf=0x58001f90, filler=0x5f037d00, offset=0, fi=0x5e81ac20)
    readdir returned 0x0x7fe958002040
calling filler with name .
calling filler with name ..
calling filler with name newFile.txt
calling filler with name testTweakfs.c~
calling filler with name testTweakfs.c
calling filler with name testTweakfs
calling filler with name buddy.txt
    fi:
    flags = 0x00000000
    fh_old = 0x7fe958002010
    writepage = 0
    direct_io = 0
    keep_cache = 0
    fh = 0x00007fe958002010
    lock_owner = 0x0000000000000000

bb_getattr(path="/newFile.txt", statbuf=0x5e019c30)
    bb_fullpath:  rootdir = "/home/hw210/566ece/fuse-tutorial-2018-02-04/example/testdir", path = "/newFile.txt", fpath = "/home/hw210/566ece/fuse-tutorial-2018-02-04/example/testdir/newFile.txt"
    lstat returned 0
    si:
    st_dev = 64770
    st_ino = 12583123
    st_mode = 0100664
    st_nlink = 1
    st_uid = 1187498
    st_gid = 1002
    st_rdev = 0
    st_size = 23
    st_blksize = 4096
    st_blocks = 8
    st_atime = 0x5d6f38b9
    st_mtime = 0x5d6f2c41
    st_ctime = 0x5d6f2c41

bb_getattr(path="/testTweakfs.c~", statbuf=0x5e81ac30)
    bb_fullpath:  rootdir = "/home/hw210/566ece/fuse-tutorial-2018-02-04/example/testdir", path = "/testTweakfs.c~", fpath = "/home/hw210/566ece/fuse-tutorial-2018-02-04/example/testdir/testTweakfs.c~"
    lstat returned 0
    si:
    st_dev = 64770
    st_ino = 12583124
    st_mode = 0100664
    st_nlink = 1
    st_uid = 1187498
    st_gid = 1002
    st_rdev = 0
    st_size = 530
    st_blksize = 4096
    st_blocks = 8
    st_atime = 0x5d6fcfc0
    st_mtime = 0x5d6fcfad
    st_ctime = 0x5d6fd2cd

bb_getattr(path="/testTweakfs.c", statbuf=0x5e019c30)
    bb_fullpath:  rootdir = "/home/hw210/566ece/fuse-tutorial-2018-02-04/example/testdir", path = "/testTweakfs.c", fpath = "/home/hw210/566ece/fuse-tutorial-2018-02-04/example/testdir/testTweakfs.c"
    lstat returned 0
    si:
    st_dev = 64770
    st_ino = 12583125
    st_mode = 0100664
    st_nlink = 1
    st_uid = 1187498
    st_gid = 1002
    st_rdev = 0
    st_size = 559
    st_blksize = 4096
    st_blocks = 8
    st_atime = 0x5d6fd2cf
    st_mtime = 0x5d6fd2cd
    st_ctime = 0x5d6fd2cd

bb_getattr(path="/testTweakfs", statbuf=0x5e81ac30)
    bb_fullpath:  rootdir = "/home/hw210/566ece/fuse-tutorial-2018-02-04/example/testdir", path = "/testTweakfs", fpath = "/home/hw210/566ece/fuse-tutorial-2018-02-04/example/testdir/testTweakfs"
    lstat returned 0
    si:
    st_dev = 64770
    st_ino = 12583121
    st_mode = 0100775
    st_nlink = 1
    st_uid = 1187498
    st_gid = 1002
    st_rdev = 0
    st_size = 8584
    st_blksize = 4096
    st_blocks = 24
    st_atime = 0x5d6fd2ed
    st_mtime = 0x5d6fd2cf
    st_ctime = 0x5d6fd2cf
comes in buddy condition jump!

bb_releasedir(path="/", fi=0x5e019c30)
    fi:
    flags = 0x00000000
    fh_old = 0x7fe958002010
    writepage = 0
    direct_io = 0
    keep_cache = 0
    fh = 0x00007fe958002010
    lock_owner = 0x0000000000000000

bb_opendir(path="/", fi=0x5e81ac20)
    bb_fullpath:  rootdir = "/home/hw210/566ece/fuse-tutorial-2018-02-04/example/testdir", path = "/", fpath = "/home/hw210/566ece/fuse-tutorial-2018-02-04/example/testdir/"
    opendir returned 0x0x7fe95800a6a0
    fi:
    flags = 0x00018800
    fh_old = 0x00000000
    writepage = 0
    direct_io = 0
    keep_cache = 0
    fh = 0x00007fe95800a6a0
    lock_owner = 0x0000000000000000

bb_getattr(path="/", statbuf=0x5e019c00)
    bb_fullpath:  rootdir = "/home/hw210/566ece/fuse-tutorial-2018-02-04/example/testdir", path = "/", fpath = "/home/hw210/566ece/fuse-tutorial-2018-02-04/example/testdir/"
    lstat returned 0
    si:
    st_dev = 64770
    st_ino = 12583116
    st_mode = 040775
    st_nlink = 2
    st_uid = 1187498
    st_gid = 1002
    st_rdev = 0
    st_size = 87
    st_blksize = 4096
    st_blocks = 0
    st_atime = 0x5d6fd2d7
    st_mtime = 0x5d6fd2cf
    st_ctime = 0x5d6fd2cf

bb_readdir(path="/", buf=0x580020a0, filler=0x5f037d00, offset=0, fi=0x5e81ac20)
    readdir returned 0x0x7fe95800a6d0
calling filler with name .
calling filler with name ..
calling filler with name newFile.txt
calling filler with name testTweakfs.c~
calling filler with name testTweakfs.c
calling filler with name testTweakfs
calling filler with name buddy.txt
    fi:
    flags = 0x00000000
    fh_old = 0x7fe95800a6a0
    writepage = 0
    direct_io = 0
    keep_cache = 0
    fh = 0x00007fe95800a6a0
    lock_owner = 0x0000000000000000

bb_releasedir(path="/", fi=0x5e81ac30)
    fi:
    flags = 0x00000000
    fh_old = 0x7fe95800a6a0
    writepage = 0
    direct_io = 0
    keep_cache = 0
    fh = 0x00007fe95800a6a0
    lock_owner = 0x0000000000000000
comes in buddy condition jump!

bb_opendir(path="/", fi=0x5e81ac20)
    bb_fullpath:  rootdir = "/home/hw210/566ece/fuse-tutorial-2018-02-04/example/testdir", path = "/", fpath = "/home/hw210/566ece/fuse-tutorial-2018-02-04/example/testdir/"
    opendir returned 0x0x7fe95800a6a0
    fi:
    flags = 0x00018800
    fh_old = 0x00000000
    writepage = 0
    direct_io = 0
    keep_cache = 0
    fh = 0x00007fe95800a6a0
    lock_owner = 0x0000000000000000

bb_getattr(path="/", statbuf=0x5e019c00)
    bb_fullpath:  rootdir = "/home/hw210/566ece/fuse-tutorial-2018-02-04/example/testdir", path = "/", fpath = "/home/hw210/566ece/fuse-tutorial-2018-02-04/example/testdir/"
    lstat returned 0
    si:
    st_dev = 64770
    st_ino = 12583116
    st_mode = 040775
    st_nlink = 2
    st_uid = 1187498
    st_gid = 1002
    st_rdev = 0
    st_size = 87
    st_blksize = 4096
    st_blocks = 0
    st_atime = 0x5d6fd2d7
    st_mtime = 0x5d6fd2cf
    st_ctime = 0x5d6fd2cf

bb_readdir(path="/", buf=0x58002530, filler=0x5f037d00, offset=0, fi=0x5d818c20)
    readdir returned 0x0x7fe95800a6d0
calling filler with name .
calling filler with name ..
calling filler with name newFile.txt
calling filler with name testTweakfs.c~
calling filler with name testTweakfs.c
calling filler with name testTweakfs
calling filler with name buddy.txt
    fi:
    flags = 0x00000000
    fh_old = 0x7fe95800a6a0
    writepage = 0
    direct_io = 0
    keep_cache = 0
    fh = 0x00007fe95800a6a0
    lock_owner = 0x0000000000000000

bb_releasedir(path="/", fi=0x5e019c30)
    fi:
    flags = 0x00000000
    fh_old = 0x7fe95800a6a0
    writepage = 0
    direct_io = 0
    keep_cache = 0
    fh = 0x00007fe95800a6a0
    lock_owner = 0x0000000000000000

bb_getattr(path="/", statbuf=0x5d818c00)
    bb_fullpath:  rootdir = "/home/hw210/566ece/fuse-tutorial-2018-02-04/example/testdir", path = "/", fpath = "/home/hw210/566ece/fuse-tutorial-2018-02-04/example/testdir/"
    lstat returned 0
    si:
    st_dev = 64770
    st_ino = 12583116
    st_mode = 040775
    st_nlink = 2
    st_uid = 1187498
    st_gid = 1002
    st_rdev = 0
    st_size = 87
    st_blksize = 4096
    st_blocks = 0
    st_atime = 0x5d6fd2d7
    st_mtime = 0x5d6fd2cf
    st_ctime = 0x5d6fd2cf
you come to bb_open!
path is: /buddy.txt

bb_open(path"/buddy.txt", fi=0x5e81ace0)
    bb_fullpath:  rootdir = "/home/hw210/566ece/fuse-tutorial-2018-02-04/example/testdir", path = "/buddy.txt", fpath = "/home/hw210/566ece/fuse-tutorial-2018-02-04/example/testdir/buddy.txt"
    open returned -1
    ERROR open: No such file or directory
    ERROR open: No such file or directory
    fi:
    flags = 0x00008000
    fh_old = 0x00000000
    writepage = 0
    direct_io = 0
    keep_cache = 0
    fh = 0xfffffffffffffffe
    lock_owner = 0x0000000000000000

bb_opendir(path="/", fi=0x5e019c20)
    bb_fullpath:  rootdir = "/home/hw210/566ece/fuse-tutorial-2018-02-04/example/testdir", path = "/", fpath = "/home/hw210/566ece/fuse-tutorial-2018-02-04/example/testdir/"
    opendir returned 0x0x7fe9500012d0
    fi:
    flags = 0x00018800
    fh_old = 0x00000000
    writepage = 0
    direct_io = 0
    keep_cache = 0
    fh = 0x00007fe9500012d0
    lock_owner = 0x0000000000000000

bb_getattr(path="/", statbuf=0x5d818c00)
    bb_fullpath:  rootdir = "/home/hw210/566ece/fuse-tutorial-2018-02-04/example/testdir", path = "/", fpath = "/home/hw210/566ece/fuse-tutorial-2018-02-04/example/testdir/"
    lstat returned 0
    si:
    st_dev = 64770
    st_ino = 12583116
    st_mode = 040775
    st_nlink = 2
    st_uid = 1187498
    st_gid = 1002
    st_rdev = 0
    st_size = 87
    st_blksize = 4096
    st_blocks = 0
    st_atime = 0x5d6fd2d7
    st_mtime = 0x5d6fd2cf
    st_ctime = 0x5d6fd2cf

bb_readdir(path="/", buf=0x50001250, filler=0x5f037d00, offset=0, fi=0x5e81ac20)
    readdir returned 0x0x7fe950001300
calling filler with name .
calling filler with name ..
calling filler with name newFile.txt
calling filler with name testTweakfs.c~
calling filler with name testTweakfs.c
calling filler with name testTweakfs
calling filler with name buddy.txt
    fi:
    flags = 0x00000000
    fh_old = 0x7fe9500012d0
    writepage = 0
    direct_io = 0
    keep_cache = 0
    fh = 0x00007fe9500012d0
    lock_owner = 0x0000000000000000

bb_getattr(path="/newFile.txt", statbuf=0x5e019c30)
    bb_fullpath:  rootdir = "/home/hw210/566ece/fuse-tutorial-2018-02-04/example/testdir", path = "/newFile.txt", fpath = "/home/hw210/566ece/fuse-tutorial-2018-02-04/example/testdir/newFile.txt"
    lstat returned 0
    si:
    st_dev = 64770
    st_ino = 12583123
    st_mode = 0100664
    st_nlink = 1
    st_uid = 1187498
    st_gid = 1002
    st_rdev = 0
    st_size = 23
    st_blksize = 4096
    st_blocks = 8
    st_atime = 0x5d6f38b9
    st_mtime = 0x5d6f2c41
    st_ctime = 0x5d6f2c41

bb_getattr(path="/testTweakfs.c~", statbuf=0x5d818c30)
    bb_fullpath:  rootdir = "/home/hw210/566ece/fuse-tutorial-2018-02-04/example/testdir", path = "/testTweakfs.c~", fpath = "/home/hw210/566ece/fuse-tutorial-2018-02-04/example/testdir/testTweakfs.c~"
    lstat returned 0
    si:
    st_dev = 64770
    st_ino = 12583124
    st_mode = 0100664
    st_nlink = 1
    st_uid = 1187498
    st_gid = 1002
    st_rdev = 0
    st_size = 530
    st_blksize = 4096
    st_blocks = 8
    st_atime = 0x5d6fcfc0
    st_mtime = 0x5d6fcfad
    st_ctime = 0x5d6fd2cd

bb_getattr(path="/testTweakfs.c", statbuf=0x5e81ac30)
    bb_fullpath:  rootdir = "/home/hw210/566ece/fuse-tutorial-2018-02-04/example/testdir", path = "/testTweakfs.c", fpath = "/home/hw210/566ece/fuse-tutorial-2018-02-04/example/testdir/testTweakfs.c"
    lstat returned 0
    si:
    st_dev = 64770
    st_ino = 12583125
    st_mode = 0100664
    st_nlink = 1
    st_uid = 1187498
    st_gid = 1002
    st_rdev = 0
    st_size = 559
    st_blksize = 4096
    st_blocks = 8
    st_atime = 0x5d6fd2cf
    st_mtime = 0x5d6fd2cd
    st_ctime = 0x5d6fd2cd

bb_getattr(path="/testTweakfs", statbuf=0x5e019c30)
    bb_fullpath:  rootdir = "/home/hw210/566ece/fuse-tutorial-2018-02-04/example/testdir", path = "/testTweakfs", fpath = "/home/hw210/566ece/fuse-tutorial-2018-02-04/example/testdir/testTweakfs"
    lstat returned 0
    si:
    st_dev = 64770
    st_ino = 12583121
    st_mode = 0100775
    st_nlink = 1
    st_uid = 1187498
    st_gid = 1002
    st_rdev = 0
    st_size = 8584
    st_blksize = 4096
    st_blocks = 24
    st_atime = 0x5d6fd2ed
    st_mtime = 0x5d6fd2cf
    st_ctime = 0x5d6fd2cf
comes in buddy condition jump!

bb_releasedir(path="/", fi=0x5e019c30)
    fi:
    flags = 0x00000000
    fh_old = 0x7fe9500012d0
    writepage = 0
    direct_io = 0
    keep_cache = 0
    fh = 0x00007fe9500012d0
    lock_owner = 0x0000000000000000

bb_getattr(path="/", statbuf=0x5d818c00)
    bb_fullpath:  rootdir = "/home/hw210/566ece/fuse-tutorial-2018-02-04/example/testdir", path = "/", fpath = "/home/hw210/566ece/fuse-tutorial-2018-02-04/example/testdir/"
    lstat returned 0
    si:
    st_dev = 64770
    st_ino = 12583116
    st_mode = 040775
    st_nlink = 2
    st_uid = 1187498
    st_gid = 1002
    st_rdev = 0
    st_size = 87
    st_blksize = 4096
    st_blocks = 0
    st_atime = 0x5d6fd2d7
    st_mtime = 0x5d6fd2cf
    st_ctime = 0x5d6fd2cf

bb_opendir(path="/", fi=0x5e81ac20)
    bb_fullpath:  rootdir = "/home/hw210/566ece/fuse-tutorial-2018-02-04/example/testdir", path = "/", fpath = "/home/hw210/566ece/fuse-tutorial-2018-02-04/example/testdir/"
    opendir returned 0x0x7fe95800a6a0
    fi:
    flags = 0x00018800
    fh_old = 0x00000000
    writepage = 0
    direct_io = 0
    keep_cache = 0
    fh = 0x00007fe95800a6a0
    lock_owner = 0x0000000000000000

bb_readdir(path="/", buf=0x580025b0, filler=0x5f037d00, offset=0, fi=0x5e019c20)
    readdir returned 0x0x7fe95800a6d0
calling filler with name .
calling filler with name ..
calling filler with name newFile.txt
calling filler with name testTweakfs.c~
calling filler with name testTweakfs.c
calling filler with name testTweakfs
calling filler with name buddy.txt
    fi:
    flags = 0x00000000
    fh_old = 0x7fe95800a6a0
    writepage = 0
    direct_io = 0
    keep_cache = 0
    fh = 0x00007fe95800a6a0
    lock_owner = 0x0000000000000000

bb_getattr(path="/", statbuf=0x5d818c00)
    bb_fullpath:  rootdir = "/home/hw210/566ece/fuse-tutorial-2018-02-04/example/testdir", path = "/", fpath = "/home/hw210/566ece/fuse-tutorial-2018-02-04/example/testdir/"
    lstat returned 0
    si:
    st_dev = 64770
    st_ino = 12583116
    st_mode = 040775
    st_nlink = 2
    st_uid = 1187498
    st_gid = 1002
    st_rdev = 0
    st_size = 87
    st_blksize = 4096
    st_blocks = 0
    st_atime = 0x5d6fd2d7
    st_mtime = 0x5d6fd2cf
    st_ctime = 0x5d6fd2cf

bb_getattr(path="/testTweakfs.c~", statbuf=0x5e81ac30)
    bb_fullpath:  rootdir = "/home/hw210/566ece/fuse-tutorial-2018-02-04/example/testdir", path = "/testTweakfs.c~", fpath = "/home/hw210/566ece/fuse-tutorial-2018-02-04/example/testdir/testTweakfs.c~"
    lstat returned 0
    si:
    st_dev = 64770
    st_ino = 12583124
    st_mode = 0100664
    st_nlink = 1
    st_uid = 1187498
    st_gid = 1002
    st_rdev = 0
    st_size = 530
    st_blksize = 4096
    st_blocks = 8
    st_atime = 0x5d6fcfc0
    st_mtime = 0x5d6fcfad
    st_ctime = 0x5d6fd2cd

bb_access(path="/testTweakfs.c~", mask=01)
    bb_fullpath:  rootdir = "/home/hw210/566ece/fuse-tutorial-2018-02-04/example/testdir", path = "/testTweakfs.c~", fpath = "/home/hw210/566ece/fuse-tutorial-2018-02-04/example/testdir/testTweakfs.c~"
    ERROR bb_access access: Permission denied

bb_access(path="/testTweakfs.c~", mask=04)
    bb_fullpath:  rootdir = "/home/hw210/566ece/fuse-tutorial-2018-02-04/example/testdir", path = "/testTweakfs.c~", fpath = "/home/hw210/566ece/fuse-tutorial-2018-02-04/example/testdir/testTweakfs.c~"

bb_getattr(path="/testTweakfs.c", statbuf=0x5e81ac30)
    bb_fullpath:  rootdir = "/home/hw210/566ece/fuse-tutorial-2018-02-04/example/testdir", path = "/testTweakfs.c", fpath = "/home/hw210/566ece/fuse-tutorial-2018-02-04/example/testdir/testTweakfs.c"
    lstat returned 0
    si:
    st_dev = 64770
    st_ino = 12583125
    st_mode = 0100664
    st_nlink = 1
    st_uid = 1187498
    st_gid = 1002
    st_rdev = 0
    st_size = 559
    st_blksize = 4096
    st_blocks = 8
    st_atime = 0x5d6fd2cf
    st_mtime = 0x5d6fd2cd
    st_ctime = 0x5d6fd2cd

bb_access(path="/testTweakfs.c", mask=01)
    bb_fullpath:  rootdir = "/home/hw210/566ece/fuse-tutorial-2018-02-04/example/testdir", path = "/testTweakfs.c", fpath = "/home/hw210/566ece/fuse-tutorial-2018-02-04/example/testdir/testTweakfs.c"
    ERROR bb_access access: Permission denied

bb_access(path="/testTweakfs.c", mask=04)
    bb_fullpath:  rootdir = "/home/hw210/566ece/fuse-tutorial-2018-02-04/example/testdir", path = "/testTweakfs.c", fpath = "/home/hw210/566ece/fuse-tutorial-2018-02-04/example/testdir/testTweakfs.c"

bb_getattr(path="/testTweakfs", statbuf=0x5e81ac30)
    bb_fullpath:  rootdir = "/home/hw210/566ece/fuse-tutorial-2018-02-04/example/testdir", path = "/testTweakfs", fpath = "/home/hw210/566ece/fuse-tutorial-2018-02-04/example/testdir/testTweakfs"
    lstat returned 0
    si:
    st_dev = 64770
    st_ino = 12583121
    st_mode = 0100775
    st_nlink = 1
    st_uid = 1187498
    st_gid = 1002
    st_rdev = 0
    st_size = 8584
    st_blksize = 4096
    st_blocks = 24
    st_atime = 0x5d6fd2ed
    st_mtime = 0x5d6fd2cf
    st_ctime = 0x5d6fd2cf

bb_access(path="/testTweakfs", mask=01)
    bb_fullpath:  rootdir = "/home/hw210/566ece/fuse-tutorial-2018-02-04/example/testdir", path = "/testTweakfs", fpath = "/home/hw210/566ece/fuse-tutorial-2018-02-04/example/testdir/testTweakfs"

bb_access(path="/testTweakfs", mask=04)
    bb_fullpath:  rootdir = "/home/hw210/566ece/fuse-tutorial-2018-02-04/example/testdir", path = "/testTweakfs", fpath = "/home/hw210/566ece/fuse-tutorial-2018-02-04/example/testdir/testTweakfs"

bb_releasedir(path="/", fi=0x5e019c30)
    fi:
    flags = 0x00000000
    fh_old = 0x7fe95800a6a0
    writepage = 0
    direct_io = 0
    keep_cache = 0
    fh = 0x00007fe95800a6a0
    lock_owner = 0x0000000000000000

bb_getattr(path="/", statbuf=0x5d818c00)
    bb_fullpath:  rootdir = "/home/hw210/566ece/fuse-tutorial-2018-02-04/example/testdir", path = "/", fpath = "/home/hw210/566ece/fuse-tutorial-2018-02-04/example/testdir/"
    lstat returned 0
    si:
    st_dev = 64770
    st_ino = 12583116
    st_mode = 040775
    st_nlink = 2
    st_uid = 1187498
    st_gid = 1002
    st_rdev = 0
    st_size = 87
    st_blksize = 4096
    st_blocks = 0
    st_atime = 0x5d6fd2d7
    st_mtime = 0x5d6fd2cf
    st_ctime = 0x5d6fd2cf

bb_getattr(path="/testTweakfs", statbuf=0x5e81ac30)
    bb_fullpath:  rootdir = "/home/hw210/566ece/fuse-tutorial-2018-02-04/example/testdir", path = "/testTweakfs", fpath = "/home/hw210/566ece/fuse-tutorial-2018-02-04/example/testdir/testTweakfs"
    lstat returned 0
    si:
    st_dev = 64770
    st_ino = 12583121
    st_mode = 0100775
    st_nlink = 1
    st_uid = 1187498
    st_gid = 1002
    st_rdev = 0
    st_size = 8584
    st_blksize = 4096
    st_blocks = 24
    st_atime = 0x5d6fd2ed
    st_mtime = 0x5d6fd2cf
    st_ctime = 0x5d6fd2cf
you come to bb_open!
path is: /testTweakfs

bb_open(path"/testTweakfs", fi=0x5e019ce0)
    bb_fullpath:  rootdir = "/home/hw210/566ece/fuse-tutorial-2018-02-04/example/testdir", path = "/testTweakfs", fpath = "/home/hw210/566ece/fuse-tutorial-2018-02-04/example/testdir/testTweakfs"
    open returned 5
    fi:
    flags = 0x00008020
    fh_old = 0x00000000
    writepage = 0
    direct_io = 0
    keep_cache = 0
    fh = 0x0000000000000005
    lock_owner = 0x0000000000000000

bb_read(path="/testTweakfs", buf=0x54001550, size=12288, offset=0, fi=0x5d818ce0)
    fi:
    flags = 0x00008020
    fh_old = 0x00000005
    writepage = 0
    direct_io = 0
    keep_cache = 0
    fh = 0x0000000000000005
    lock_owner = 0x0000000000000000
    pread returned 8584

bb_release(path="/testTweakfs", fi=0x5e81ace0)
    fi:
    flags = 0x00008020
    fh_old = 0x00000005
    writepage = 0
    direct_io = 0
    keep_cache = 0
    fh = 0x0000000000000005
    lock_owner = 0x0000000000000000
    close returned 0

bb_opendir(path="/", fi=0x5e019c20)
    bb_fullpath:  rootdir = "/home/hw210/566ece/fuse-tutorial-2018-02-04/example/testdir", path = "/", fpath = "/home/hw210/566ece/fuse-tutorial-2018-02-04/example/testdir/"
    opendir returned 0x0x7fe950001350
    fi:
    flags = 0x00018800
    fh_old = 0x00000000
    writepage = 0
    direct_io = 0
    keep_cache = 0
    fh = 0x00007fe950001350
    lock_owner = 0x0000000000000000

bb_getattr(path="/", statbuf=0x5d818c00)
    bb_fullpath:  rootdir = "/home/hw210/566ece/fuse-tutorial-2018-02-04/example/testdir", path = "/", fpath = "/home/hw210/566ece/fuse-tutorial-2018-02-04/example/testdir/"
    lstat returned 0
    si:
    st_dev = 64770
    st_ino = 12583116
    st_mode = 040775
    st_nlink = 2
    st_uid = 1187498
    st_gid = 1002
    st_rdev = 0
    st_size = 87
    st_blksize = 4096
    st_blocks = 0
    st_atime = 0x5d6fd2d7
    st_mtime = 0x5d6fd2cf
    st_ctime = 0x5d6fd2cf

bb_readdir(path="/", buf=0x500012d0, filler=0x5f037d00, offset=0, fi=0x5e81ac20)
    readdir returned 0x0x7fe950001380
calling filler with name .
calling filler with name ..
calling filler with name newFile.txt
calling filler with name testTweakfs.c~
calling filler with name testTweakfs.c
calling filler with name testTweakfs
calling filler with name buddy.txt
    fi:
    flags = 0x00000000
    fh_old = 0x7fe950001350
    writepage = 0
    direct_io = 0
    keep_cache = 0
    fh = 0x00007fe950001350
    lock_owner = 0x0000000000000000

bb_getattr(path="/newFile.txt", statbuf=0x5e019c30)
    bb_fullpath:  rootdir = "/home/hw210/566ece/fuse-tutorial-2018-02-04/example/testdir", path = "/newFile.txt", fpath = "/home/hw210/566ece/fuse-tutorial-2018-02-04/example/testdir/newFile.txt"
    lstat returned 0
    si:
    st_dev = 64770
    st_ino = 12583123
    st_mode = 0100664
    st_nlink = 1
    st_uid = 1187498
    st_gid = 1002
    st_rdev = 0
    st_size = 23
    st_blksize = 4096
    st_blocks = 8
    st_atime = 0x5d6f38b9
    st_mtime = 0x5d6f2c41
    st_ctime = 0x5d6f2c41

bb_getxattr(path = "/newFile.txt", name = "security.selinux", value = 0x54000bf0, size = 255)
    bb_fullpath:  rootdir = "/home/hw210/566ece/fuse-tutorial-2018-02-04/example/testdir", path = "/newFile.txt", fpath = "/home/hw210/566ece/fuse-tutorial-2018-02-04/example/testdir/newFile.txt"
    lgetxattr returned -1
    ERROR lgetxattr: No data available

bb_getxattr(path = "/newFile.txt", name = "system.posix_acl_access", value = 0x00000000, size = 0)
    bb_fullpath:  rootdir = "/home/hw210/566ece/fuse-tutorial-2018-02-04/example/testdir", path = "/newFile.txt", fpath = "/home/hw210/566ece/fuse-tutorial-2018-02-04/example/testdir/newFile.txt"
    lgetxattr returned -1
    ERROR lgetxattr: No data available

bb_getattr(path="/testTweakfs.c~", statbuf=0x5e019c30)
    bb_fullpath:  rootdir = "/home/hw210/566ece/fuse-tutorial-2018-02-04/example/testdir", path = "/testTweakfs.c~", fpath = "/home/hw210/566ece/fuse-tutorial-2018-02-04/example/testdir/testTweakfs.c~"
    lstat returned 0
    si:
    st_dev = 64770
    st_ino = 12583124
    st_mode = 0100664
    st_nlink = 1
    st_uid = 1187498
    st_gid = 1002
    st_rdev = 0
    st_size = 530
    st_blksize = 4096
    st_blocks = 8
    st_atime = 0x5d6fcfc0
    st_mtime = 0x5d6fcfad
    st_ctime = 0x5d6fd2cd

bb_getxattr(path = "/testTweakfs.c~", name = "security.selinux", value = 0x54000bf0, size = 255)
    bb_fullpath:  rootdir = "/home/hw210/566ece/fuse-tutorial-2018-02-04/example/testdir", path = "/testTweakfs.c~", fpath = "/home/hw210/566ece/fuse-tutorial-2018-02-04/example/testdir/testTweakfs.c~"
    lgetxattr returned -1
    ERROR lgetxattr: No data available

bb_getxattr(path = "/testTweakfs.c~", name = "system.posix_acl_access", value = 0x00000000, size = 0)
    bb_fullpath:  rootdir = "/home/hw210/566ece/fuse-tutorial-2018-02-04/example/testdir", path = "/testTweakfs.c~", fpath = "/home/hw210/566ece/fuse-tutorial-2018-02-04/example/testdir/testTweakfs.c~"
    lgetxattr returned -1
    ERROR lgetxattr: No data available

bb_getattr(path="/testTweakfs.c", statbuf=0x5e019c30)
    bb_fullpath:  rootdir = "/home/hw210/566ece/fuse-tutorial-2018-02-04/example/testdir", path = "/testTweakfs.c", fpath = "/home/hw210/566ece/fuse-tutorial-2018-02-04/example/testdir/testTweakfs.c"
    lstat returned 0
    si:
    st_dev = 64770
    st_ino = 12583125
    st_mode = 0100664
    st_nlink = 1
    st_uid = 1187498
    st_gid = 1002
    st_rdev = 0
    st_size = 559
    st_blksize = 4096
    st_blocks = 8
    st_atime = 0x5d6fd2cf
    st_mtime = 0x5d6fd2cd
    st_ctime = 0x5d6fd2cd

bb_getxattr(path = "/testTweakfs.c", name = "security.selinux", value = 0x54000bf0, size = 255)
    bb_fullpath:  rootdir = "/home/hw210/566ece/fuse-tutorial-2018-02-04/example/testdir", path = "/testTweakfs.c", fpath = "/home/hw210/566ece/fuse-tutorial-2018-02-04/example/testdir/testTweakfs.c"
    lgetxattr returned -1
    ERROR lgetxattr: No data available

bb_getxattr(path = "/testTweakfs.c", name = "system.posix_acl_access", value = 0x00000000, size = 0)
    bb_fullpath:  rootdir = "/home/hw210/566ece/fuse-tutorial-2018-02-04/example/testdir", path = "/testTweakfs.c", fpath = "/home/hw210/566ece/fuse-tutorial-2018-02-04/example/testdir/testTweakfs.c"
    lgetxattr returned -1
    ERROR lgetxattr: No data available

bb_getattr(path="/testTweakfs", statbuf=0x5e019c30)
    bb_fullpath:  rootdir = "/home/hw210/566ece/fuse-tutorial-2018-02-04/example/testdir", path = "/testTweakfs", fpath = "/home/hw210/566ece/fuse-tutorial-2018-02-04/example/testdir/testTweakfs"
    lstat returned 0
    si:
    st_dev = 64770
    st_ino = 12583121
    st_mode = 0100775
    st_nlink = 1
    st_uid = 1187498
    st_gid = 1002
    st_rdev = 0
    st_size = 8584
    st_blksize = 4096
    st_blocks = 24
    st_atime = 0x5d6fd2ed
    st_mtime = 0x5d6fd2cf
    st_ctime = 0x5d6fd2cf

bb_getxattr(path = "/testTweakfs", name = "security.selinux", value = 0x54000bf0, size = 255)
    bb_fullpath:  rootdir = "/home/hw210/566ece/fuse-tutorial-2018-02-04/example/testdir", path = "/testTweakfs", fpath = "/home/hw210/566ece/fuse-tutorial-2018-02-04/example/testdir/testTweakfs"
    lgetxattr returned -1
    ERROR lgetxattr: No data available

bb_getxattr(path = "/testTweakfs", name = "system.posix_acl_access", value = 0x00000000, size = 0)
    bb_fullpath:  rootdir = "/home/hw210/566ece/fuse-tutorial-2018-02-04/example/testdir", path = "/testTweakfs", fpath = "/home/hw210/566ece/fuse-tutorial-2018-02-04/example/testdir/testTweakfs"
    lgetxattr returned -1
    ERROR lgetxattr: No data available
comes in buddy condition jump!

bb_getxattr(path = "/buddy.txt", name = "security.selinux", value = 0x54000bf0, size = 255)
    bb_fullpath:  rootdir = "/home/hw210/566ece/fuse-tutorial-2018-02-04/example/testdir", path = "/buddy.txt", fpath = "/home/hw210/566ece/fuse-tutorial-2018-02-04/example/testdir/buddy.txt"
    lgetxattr returned -1
    ERROR lgetxattr: No such file or directory

bb_releasedir(path="/", fi=0x5e019c30)
    fi:
    flags = 0x00000000
    fh_old = 0x7fe950001350
    writepage = 0
    direct_io = 0
    keep_cache = 0
    fh = 0x00007fe950001350
    lock_owner = 0x0000000000000000

bb_opendir(path="/", fi=0x5d818c20)
    bb_fullpath:  rootdir = "/home/hw210/566ece/fuse-tutorial-2018-02-04/example/testdir", path = "/", fpath = "/home/hw210/566ece/fuse-tutorial-2018-02-04/example/testdir/"
    opendir returned 0x0x7fe9540016e0
    fi:
    flags = 0x00018800
    fh_old = 0x00000000
    writepage = 0
    direct_io = 0
    keep_cache = 0
    fh = 0x00007fe9540016e0
    lock_owner = 0x0000000000000000

bb_getattr(path="/", statbuf=0x5e81ac00)
    bb_fullpath:  rootdir = "/home/hw210/566ece/fuse-tutorial-2018-02-04/example/testdir", path = "/", fpath = "/home/hw210/566ece/fuse-tutorial-2018-02-04/example/testdir/"
    lstat returned 0
    si:
    st_dev = 64770
    st_ino = 12583116
    st_mode = 040775
    st_nlink = 2
    st_uid = 1187498
    st_gid = 1002
    st_rdev = 0
    st_size = 87
    st_blksize = 4096
    st_blocks = 0
    st_atime = 0x5d6fd2d7
    st_mtime = 0x5d6fd2cf
    st_ctime = 0x5d6fd2cf

bb_readdir(path="/", buf=0x54001660, filler=0x5f037d00, offset=0, fi=0x5e019c20)
    readdir returned 0x0x7fe954001710
calling filler with name .
calling filler with name ..
calling filler with name newFile.txt
calling filler with name testTweakfs.c~
calling filler with name testTweakfs.c
calling filler with name testTweakfs
calling filler with name buddy.txt
    fi:
    flags = 0x00000000
    fh_old = 0x7fe9540016e0
    writepage = 0
    direct_io = 0
    keep_cache = 0
    fh = 0x00007fe9540016e0
    lock_owner = 0x0000000000000000

bb_getattr(path="/newFile.txt", statbuf=0x5d818c30)
    bb_fullpath:  rootdir = "/home/hw210/566ece/fuse-tutorial-2018-02-04/example/testdir", path = "/newFile.txt", fpath = "/home/hw210/566ece/fuse-tutorial-2018-02-04/example/testdir/newFile.txt"
    lstat returned 0
    si:
    st_dev = 64770
    st_ino = 12583123
    st_mode = 0100664
    st_nlink = 1
    st_uid = 1187498
    st_gid = 1002
    st_rdev = 0
    st_size = 23
    st_blksize = 4096
    st_blocks = 8
    st_atime = 0x5d6f38b9
    st_mtime = 0x5d6f2c41
    st_ctime = 0x5d6f2c41

bb_getattr(path="/testTweakfs.c~", statbuf=0x5e81ac30)
    bb_fullpath:  rootdir = "/home/hw210/566ece/fuse-tutorial-2018-02-04/example/testdir", path = "/testTweakfs.c~", fpath = "/home/hw210/566ece/fuse-tutorial-2018-02-04/example/testdir/testTweakfs.c~"
    lstat returned 0
    si:
    st_dev = 64770
    st_ino = 12583124
    st_mode = 0100664
    st_nlink = 1
    st_uid = 1187498
    st_gid = 1002
    st_rdev = 0
    st_size = 530
    st_blksize = 4096
    st_blocks = 8
    st_atime = 0x5d6fcfc0
    st_mtime = 0x5d6fcfad
    st_ctime = 0x5d6fd2cd

bb_getattr(path="/testTweakfs.c", statbuf=0x5e019c30)
    bb_fullpath:  rootdir = "/home/hw210/566ece/fuse-tutorial-2018-02-04/example/testdir", path = "/testTweakfs.c", fpath = "/home/hw210/566ece/fuse-tutorial-2018-02-04/example/testdir/testTweakfs.c"
    lstat returned 0
    si:
    st_dev = 64770
    st_ino = 12583125
    st_mode = 0100664
    st_nlink = 1
    st_uid = 1187498
    st_gid = 1002
    st_rdev = 0
    st_size = 559
    st_blksize = 4096
    st_blocks = 8
    st_atime = 0x5d6fd2cf
    st_mtime = 0x5d6fd2cd
    st_ctime = 0x5d6fd2cd

bb_getattr(path="/testTweakfs", statbuf=0x5d818c30)
    bb_fullpath:  rootdir = "/home/hw210/566ece/fuse-tutorial-2018-02-04/example/testdir", path = "/testTweakfs", fpath = "/home/hw210/566ece/fuse-tutorial-2018-02-04/example/testdir/testTweakfs"
    lstat returned 0
    si:
    st_dev = 64770
    st_ino = 12583121
    st_mode = 0100775
    st_nlink = 1
    st_uid = 1187498
    st_gid = 1002
    st_rdev = 0
    st_size = 8584
    st_blksize = 4096
    st_blocks = 24
    st_atime = 0x5d6fd2ed
    st_mtime = 0x5d6fd2cf
    st_ctime = 0x5d6fd2cf
comes in buddy condition jump!

bb_releasedir(path="/", fi=0x5d818c30)
    fi:
    flags = 0x00000000
    fh_old = 0x7fe9540016e0
    writepage = 0
    direct_io = 0
    keep_cache = 0
    fh = 0x00007fe9540016e0
    lock_owner = 0x0000000000000000

bb_opendir(path="/", fi=0x5e81ac20)
    bb_fullpath:  rootdir = "/home/hw210/566ece/fuse-tutorial-2018-02-04/example/testdir", path = "/", fpath = "/home/hw210/566ece/fuse-tutorial-2018-02-04/example/testdir/"
    opendir returned 0x0x7fe95800a6a0
    fi:
    flags = 0x00018800
    fh_old = 0x00000000
    writepage = 0
    direct_io = 0
    keep_cache = 0
    fh = 0x00007fe95800a6a0
    lock_owner = 0x0000000000000000

bb_getattr(path="/", statbuf=0x5e019c00)
    bb_fullpath:  rootdir = "/home/hw210/566ece/fuse-tutorial-2018-02-04/example/testdir", path = "/", fpath = "/home/hw210/566ece/fuse-tutorial-2018-02-04/example/testdir/"
    lstat returned 0
    si:
    st_dev = 64770
    st_ino = 12583116
    st_mode = 040775
    st_nlink = 2
    st_uid = 1187498
    st_gid = 1002
    st_rdev = 0
    st_size = 87
    st_blksize = 4096
    st_blocks = 0
    st_atime = 0x5d6fd2d7
    st_mtime = 0x5d6fd2cf
    st_ctime = 0x5d6fd2cf

bb_readdir(path="/", buf=0x58002a40, filler=0x5f037d00, offset=0, fi=0x5d818c20)
    readdir returned 0x0x7fe95800a6d0
calling filler with name .
calling filler with name ..
calling filler with name newFile.txt
calling filler with name testTweakfs.c~
calling filler with name testTweakfs.c
calling filler with name testTweakfs
calling filler with name buddy.txt
    fi:
    flags = 0x00000000
    fh_old = 0x7fe95800a6a0
    writepage = 0
    direct_io = 0
    keep_cache = 0
    fh = 0x00007fe95800a6a0
    lock_owner = 0x0000000000000000

bb_getattr(path="/newFile.txt", statbuf=0x5e81ac30)
    bb_fullpath:  rootdir = "/home/hw210/566ece/fuse-tutorial-2018-02-04/example/testdir", path = "/newFile.txt", fpath = "/home/hw210/566ece/fuse-tutorial-2018-02-04/example/testdir/newFile.txt"
    lstat returned 0
    si:
    st_dev = 64770
    st_ino = 12583123
    st_mode = 0100664
    st_nlink = 1
    st_uid = 1187498
    st_gid = 1002
    st_rdev = 0
    st_size = 23
    st_blksize = 4096
    st_blocks = 8
    st_atime = 0x5d6f38b9
    st_mtime = 0x5d6f2c41
    st_ctime = 0x5d6f2c41

bb_getattr(path="/testTweakfs.c~", statbuf=0x5e019c30)
    bb_fullpath:  rootdir = "/home/hw210/566ece/fuse-tutorial-2018-02-04/example/testdir", path = "/testTweakfs.c~", fpath = "/home/hw210/566ece/fuse-tutorial-2018-02-04/example/testdir/testTweakfs.c~"
    lstat returned 0
    si:
    st_dev = 64770
    st_ino = 12583124
    st_mode = 0100664
    st_nlink = 1
    st_uid = 1187498
    st_gid = 1002
    st_rdev = 0
    st_size = 530
    st_blksize = 4096
    st_blocks = 8
    st_atime = 0x5d6fcfc0
    st_mtime = 0x5d6fcfad
    st_ctime = 0x5d6fd2cd

bb_getattr(path="/testTweakfs.c", statbuf=0x5d818c30)
    bb_fullpath:  rootdir = "/home/hw210/566ece/fuse-tutorial-2018-02-04/example/testdir", path = "/testTweakfs.c", fpath = "/home/hw210/566ece/fuse-tutorial-2018-02-04/example/testdir/testTweakfs.c"
    lstat returned 0
    si:
    st_dev = 64770
    st_ino = 12583125
    st_mode = 0100664
    st_nlink = 1
    st_uid = 1187498
    st_gid = 1002
    st_rdev = 0
    st_size = 559
    st_blksize = 4096
    st_blocks = 8
    st_atime = 0x5d6fd2cf
    st_mtime = 0x5d6fd2cd
    st_ctime = 0x5d6fd2cd

bb_getattr(path="/testTweakfs", statbuf=0x5e81ac30)
    bb_fullpath:  rootdir = "/home/hw210/566ece/fuse-tutorial-2018-02-04/example/testdir", path = "/testTweakfs", fpath = "/home/hw210/566ece/fuse-tutorial-2018-02-04/example/testdir/testTweakfs"
    lstat returned 0
    si:
    st_dev = 64770
    st_ino = 12583121
    st_mode = 0100775
    st_nlink = 1
    st_uid = 1187498
    st_gid = 1002
    st_rdev = 0
    st_size = 8584
    st_blksize = 4096
    st_blocks = 24
    st_atime = 0x5d6fd2ed
    st_mtime = 0x5d6fd2cf
    st_ctime = 0x5d6fd2cf
comes in buddy condition jump!

bb_releasedir(path="/", fi=0x5e81ac30)
    fi:
    flags = 0x00000000
    fh_old = 0x7fe95800a6a0
    writepage = 0
    direct_io = 0
    keep_cache = 0
    fh = 0x00007fe95800a6a0
    lock_owner = 0x0000000000000000

bb_opendir(path="/", fi=0x5e019c20)
    bb_fullpath:  rootdir = "/home/hw210/566ece/fuse-tutorial-2018-02-04/example/testdir", path = "/", fpath = "/home/hw210/566ece/fuse-tutorial-2018-02-04/example/testdir/"
    opendir returned 0x0x7fe9500013d0
    fi:
    flags = 0x00018800
    fh_old = 0x00000000
    writepage = 0
    direct_io = 0
    keep_cache = 0
    fh = 0x00007fe9500013d0
    lock_owner = 0x0000000000000000

bb_getattr(path="/", statbuf=0x5d818c00)
    bb_fullpath:  rootdir = "/home/hw210/566ece/fuse-tutorial-2018-02-04/example/testdir", path = "/", fpath = "/home/hw210/566ece/fuse-tutorial-2018-02-04/example/testdir/"
    lstat returned 0
    si:
    st_dev = 64770
    st_ino = 12583116
    st_mode = 040775
    st_nlink = 2
    st_uid = 1187498
    st_gid = 1002
    st_rdev = 0
    st_size = 87
    st_blksize = 4096
    st_blocks = 0
    st_atime = 0x5d6fd2d7
    st_mtime = 0x5d6fd2cf
    st_ctime = 0x5d6fd2cf

bb_readdir(path="/", buf=0x50001350, filler=0x5f037d00, offset=0, fi=0x5e81ac20)
    readdir returned 0x0x7fe950001400
calling filler with name .
calling filler with name ..
calling filler with name newFile.txt
calling filler with name testTweakfs.c~
calling filler with name testTweakfs.c
calling filler with name testTweakfs
calling filler with name buddy.txt
    fi:
    flags = 0x00000000
    fh_old = 0x7fe9500013d0
    writepage = 0
    direct_io = 0
    keep_cache = 0
    fh = 0x00007fe9500013d0
    lock_owner = 0x0000000000000000

bb_getattr(path="/newFile.txt", statbuf=0x5e019c30)
    bb_fullpath:  rootdir = "/home/hw210/566ece/fuse-tutorial-2018-02-04/example/testdir", path = "/newFile.txt", fpath = "/home/hw210/566ece/fuse-tutorial-2018-02-04/example/testdir/newFile.txt"
    lstat returned 0
    si:
    st_dev = 64770
    st_ino = 12583123
    st_mode = 0100664
    st_nlink = 1
    st_uid = 1187498
    st_gid = 1002
    st_rdev = 0
    st_size = 23
    st_blksize = 4096
    st_blocks = 8
    st_atime = 0x5d6f38b9
    st_mtime = 0x5d6f2c41
    st_ctime = 0x5d6f2c41

bb_getxattr(path = "/newFile.txt", name = "security.selinux", value = 0x54000bf0, size = 255)
    bb_fullpath:  rootdir = "/home/hw210/566ece/fuse-tutorial-2018-02-04/example/testdir", path = "/newFile.txt", fpath = "/home/hw210/566ece/fuse-tutorial-2018-02-04/example/testdir/newFile.txt"
    lgetxattr returned -1
    ERROR lgetxattr: No data available

bb_getxattr(path = "/newFile.txt", name = "system.posix_acl_access", value = 0x00000000, size = 0)
    bb_fullpath:  rootdir = "/home/hw210/566ece/fuse-tutorial-2018-02-04/example/testdir", path = "/newFile.txt", fpath = "/home/hw210/566ece/fuse-tutorial-2018-02-04/example/testdir/newFile.txt"
    lgetxattr returned -1
    ERROR lgetxattr: No data available

bb_getattr(path="/testTweakfs.c~", statbuf=0x5e019c30)
    bb_fullpath:  rootdir = "/home/hw210/566ece/fuse-tutorial-2018-02-04/example/testdir", path = "/testTweakfs.c~", fpath = "/home/hw210/566ece/fuse-tutorial-2018-02-04/example/testdir/testTweakfs.c~"
    lstat returned 0
    si:
    st_dev = 64770
    st_ino = 12583124
    st_mode = 0100664
    st_nlink = 1
    st_uid = 1187498
    st_gid = 1002
    st_rdev = 0
    st_size = 530
    st_blksize = 4096
    st_blocks = 8
    st_atime = 0x5d6fcfc0
    st_mtime = 0x5d6fcfad
    st_ctime = 0x5d6fd2cd

bb_getxattr(path = "/testTweakfs.c~", name = "security.selinux", value = 0x54000bf0, size = 255)
    bb_fullpath:  rootdir = "/home/hw210/566ece/fuse-tutorial-2018-02-04/example/testdir", path = "/testTweakfs.c~", fpath = "/home/hw210/566ece/fuse-tutorial-2018-02-04/example/testdir/testTweakfs.c~"
    lgetxattr returned -1
    ERROR lgetxattr: No data available

bb_getxattr(path = "/testTweakfs.c~", name = "system.posix_acl_access", value = 0x00000000, size = 0)
    bb_fullpath:  rootdir = "/home/hw210/566ece/fuse-tutorial-2018-02-04/example/testdir", path = "/testTweakfs.c~", fpath = "/home/hw210/566ece/fuse-tutorial-2018-02-04/example/testdir/testTweakfs.c~"
    lgetxattr returned -1
    ERROR lgetxattr: No data available

bb_getattr(path="/testTweakfs.c", statbuf=0x5e019c30)
    bb_fullpath:  rootdir = "/home/hw210/566ece/fuse-tutorial-2018-02-04/example/testdir", path = "/testTweakfs.c", fpath = "/home/hw210/566ece/fuse-tutorial-2018-02-04/example/testdir/testTweakfs.c"
    lstat returned 0
    si:
    st_dev = 64770
    st_ino = 12583125
    st_mode = 0100664
    st_nlink = 1
    st_uid = 1187498
    st_gid = 1002
    st_rdev = 0
    st_size = 559
    st_blksize = 4096
    st_blocks = 8
    st_atime = 0x5d6fd2cf
    st_mtime = 0x5d6fd2cd
    st_ctime = 0x5d6fd2cd

bb_getxattr(path = "/testTweakfs.c", name = "security.selinux", value = 0x54000bf0, size = 255)
    bb_fullpath:  rootdir = "/home/hw210/566ece/fuse-tutorial-2018-02-04/example/testdir", path = "/testTweakfs.c", fpath = "/home/hw210/566ece/fuse-tutorial-2018-02-04/example/testdir/testTweakfs.c"
    lgetxattr returned -1
    ERROR lgetxattr: No data available

bb_getxattr(path = "/testTweakfs.c", name = "system.posix_acl_access", value = 0x00000000, size = 0)
    bb_fullpath:  rootdir = "/home/hw210/566ece/fuse-tutorial-2018-02-04/example/testdir", path = "/testTweakfs.c", fpath = "/home/hw210/566ece/fuse-tutorial-2018-02-04/example/testdir/testTweakfs.c"
    lgetxattr returned -1
    ERROR lgetxattr: No data available

bb_getattr(path="/testTweakfs", statbuf=0x5e019c30)
    bb_fullpath:  rootdir = "/home/hw210/566ece/fuse-tutorial-2018-02-04/example/testdir", path = "/testTweakfs", fpath = "/home/hw210/566ece/fuse-tutorial-2018-02-04/example/testdir/testTweakfs"
    lstat returned 0
    si:
    st_dev = 64770
    st_ino = 12583121
    st_mode = 0100775
    st_nlink = 1
    st_uid = 1187498
    st_gid = 1002
    st_rdev = 0
    st_size = 8584
    st_blksize = 4096
    st_blocks = 24
    st_atime = 0x5d6fd2ed
    st_mtime = 0x5d6fd2cf
    st_ctime = 0x5d6fd2cf

bb_getxattr(path = "/testTweakfs", name = "security.selinux", value = 0x54000bf0, size = 255)
    bb_fullpath:  rootdir = "/home/hw210/566ece/fuse-tutorial-2018-02-04/example/testdir", path = "/testTweakfs", fpath = "/home/hw210/566ece/fuse-tutorial-2018-02-04/example/testdir/testTweakfs"
    lgetxattr returned -1
    ERROR lgetxattr: No data available

bb_getxattr(path = "/testTweakfs", name = "system.posix_acl_access", value = 0x00000000, size = 0)
    bb_fullpath:  rootdir = "/home/hw210/566ece/fuse-tutorial-2018-02-04/example/testdir", path = "/testTweakfs", fpath = "/home/hw210/566ece/fuse-tutorial-2018-02-04/example/testdir/testTweakfs"
    lgetxattr returned -1
    ERROR lgetxattr: No data available
comes in buddy condition jump!

bb_getxattr(path = "/buddy.txt", name = "security.selinux", value = 0x54000bf0, size = 255)
    bb_fullpath:  rootdir = "/home/hw210/566ece/fuse-tutorial-2018-02-04/example/testdir", path = "/buddy.txt", fpath = "/home/hw210/566ece/fuse-tutorial-2018-02-04/example/testdir/buddy.txt"
    lgetxattr returned -1
    ERROR lgetxattr: No such file or directory

bb_releasedir(path="/", fi=0x5e019c30)
    fi:
    flags = 0x00000000
    fh_old = 0x7fe9500013d0
    writepage = 0
    direct_io = 0
    keep_cache = 0
    fh = 0x00007fe9500013d0
    lock_owner = 0x0000000000000000

bb_opendir(path="/", fi=0x5d818c20)
    bb_fullpath:  rootdir = "/home/hw210/566ece/fuse-tutorial-2018-02-04/example/testdir", path = "/", fpath = "/home/hw210/566ece/fuse-tutorial-2018-02-04/example/testdir/"
    opendir returned 0x0x7fe954001760
    fi:
    flags = 0x00018800
    fh_old = 0x00000000
    writepage = 0
    direct_io = 0
    keep_cache = 0
    fh = 0x00007fe954001760
    lock_owner = 0x0000000000000000

bb_getattr(path="/", statbuf=0x5e81ac00)
    bb_fullpath:  rootdir = "/home/hw210/566ece/fuse-tutorial-2018-02-04/example/testdir", path = "/", fpath = "/home/hw210/566ece/fuse-tutorial-2018-02-04/example/testdir/"
    lstat returned 0
    si:
    st_dev = 64770
    st_ino = 12583116
    st_mode = 040775
    st_nlink = 2
    st_uid = 1187498
    st_gid = 1002
    st_rdev = 0
    st_size = 87
    st_blksize = 4096
    st_blocks = 0
    st_atime = 0x5d6fd2d7
    st_mtime = 0x5d6fd2cf
    st_ctime = 0x5d6fd2cf

bb_readdir(path="/", buf=0x540016e0, filler=0x5f037d00, offset=0, fi=0x5e019c20)
    readdir returned 0x0x7fe954001790
calling filler with name .
calling filler with name ..
calling filler with name newFile.txt
calling filler with name testTweakfs.c~
calling filler with name testTweakfs.c
calling filler with name testTweakfs
calling filler with name buddy.txt
    fi:
    flags = 0x00000000
    fh_old = 0x7fe954001760
    writepage = 0
    direct_io = 0
    keep_cache = 0
    fh = 0x00007fe954001760
    lock_owner = 0x0000000000000000

bb_getattr(path="/newFile.txt", statbuf=0x5d818c30)
    bb_fullpath:  rootdir = "/home/hw210/566ece/fuse-tutorial-2018-02-04/example/testdir", path = "/newFile.txt", fpath = "/home/hw210/566ece/fuse-tutorial-2018-02-04/example/testdir/newFile.txt"
    lstat returned 0
    si:
    st_dev = 64770
    st_ino = 12583123
    st_mode = 0100664
    st_nlink = 1
    st_uid = 1187498
    st_gid = 1002
    st_rdev = 0
    st_size = 23
    st_blksize = 4096
    st_blocks = 8
    st_atime = 0x5d6f38b9
    st_mtime = 0x5d6f2c41
    st_ctime = 0x5d6f2c41

bb_getattr(path="/testTweakfs.c~", statbuf=0x5e81ac30)
    bb_fullpath:  rootdir = "/home/hw210/566ece/fuse-tutorial-2018-02-04/example/testdir", path = "/testTweakfs.c~", fpath = "/home/hw210/566ece/fuse-tutorial-2018-02-04/example/testdir/testTweakfs.c~"
    lstat returned 0
    si:
    st_dev = 64770
    st_ino = 12583124
    st_mode = 0100664
    st_nlink = 1
    st_uid = 1187498
    st_gid = 1002
    st_rdev = 0
    st_size = 530
    st_blksize = 4096
    st_blocks = 8
    st_atime = 0x5d6fcfc0
    st_mtime = 0x5d6fcfad
    st_ctime = 0x5d6fd2cd

bb_getattr(path="/testTweakfs.c", statbuf=0x5e019c30)
    bb_fullpath:  rootdir = "/home/hw210/566ece/fuse-tutorial-2018-02-04/example/testdir", path = "/testTweakfs.c", fpath = "/home/hw210/566ece/fuse-tutorial-2018-02-04/example/testdir/testTweakfs.c"
    lstat returned 0
    si:
    st_dev = 64770
    st_ino = 12583125
    st_mode = 0100664
    st_nlink = 1
    st_uid = 1187498
    st_gid = 1002
    st_rdev = 0
    st_size = 559
    st_blksize = 4096
    st_blocks = 8
    st_atime = 0x5d6fd2cf
    st_mtime = 0x5d6fd2cd
    st_ctime = 0x5d6fd2cd

bb_getattr(path="/testTweakfs", statbuf=0x5d818c30)
    bb_fullpath:  rootdir = "/home/hw210/566ece/fuse-tutorial-2018-02-04/example/testdir", path = "/testTweakfs", fpath = "/home/hw210/566ece/fuse-tutorial-2018-02-04/example/testdir/testTweakfs"
    lstat returned 0
    si:
    st_dev = 64770
    st_ino = 12583121
    st_mode = 0100775
    st_nlink = 1
    st_uid = 1187498
    st_gid = 1002
    st_rdev = 0
    st_size = 8584
    st_blksize = 4096
    st_blocks = 24
    st_atime = 0x5d6fd2ed
    st_mtime = 0x5d6fd2cf
    st_ctime = 0x5d6fd2cf
comes in buddy condition jump!

bb_releasedir(path="/", fi=0x5d818c30)
    fi:
    flags = 0x00000000
    fh_old = 0x7fe954001760
    writepage = 0
    direct_io = 0
    keep_cache = 0
    fh = 0x00007fe954001760
    lock_owner = 0x0000000000000000

bb_opendir(path="/", fi=0x5e81ac20)
    bb_fullpath:  rootdir = "/home/hw210/566ece/fuse-tutorial-2018-02-04/example/testdir", path = "/", fpath = "/home/hw210/566ece/fuse-tutorial-2018-02-04/example/testdir/"
    opendir returned 0x0x7fe95800a6a0
    fi:
    flags = 0x00018800
    fh_old = 0x00000000
    writepage = 0
    direct_io = 0
    keep_cache = 0
    fh = 0x00007fe95800a6a0
    lock_owner = 0x0000000000000000

bb_getattr(path="/", statbuf=0x5e019c00)
    bb_fullpath:  rootdir = "/home/hw210/566ece/fuse-tutorial-2018-02-04/example/testdir", path = "/", fpath = "/home/hw210/566ece/fuse-tutorial-2018-02-04/example/testdir/"
    lstat returned 0
    si:
    st_dev = 64770
    st_ino = 12583116
    st_mode = 040775
    st_nlink = 2
    st_uid = 1187498
    st_gid = 1002
    st_rdev = 0
    st_size = 87
    st_blksize = 4096
    st_blocks = 0
    st_atime = 0x5d6fd2d7
    st_mtime = 0x5d6fd2cf
    st_ctime = 0x5d6fd2cf

bb_readdir(path="/", buf=0x58002ac0, filler=0x5f037d00, offset=0, fi=0x5d818c20)
    readdir returned 0x0x7fe95800a6d0
calling filler with name .
calling filler with name ..
calling filler with name newFile.txt
calling filler with name testTweakfs.c~
calling filler with name testTweakfs.c
calling filler with name testTweakfs
calling filler with name buddy.txt
    fi:
    flags = 0x00000000
    fh_old = 0x7fe95800a6a0
    writepage = 0
    direct_io = 0
    keep_cache = 0
    fh = 0x00007fe95800a6a0
    lock_owner = 0x0000000000000000

bb_getattr(path="/newFile.txt", statbuf=0x5e81ac30)
    bb_fullpath:  rootdir = "/home/hw210/566ece/fuse-tutorial-2018-02-04/example/testdir", path = "/newFile.txt", fpath = "/home/hw210/566ece/fuse-tutorial-2018-02-04/example/testdir/newFile.txt"
    lstat returned 0
    si:
    st_dev = 64770
    st_ino = 12583123
    st_mode = 0100664
    st_nlink = 1
    st_uid = 1187498
    st_gid = 1002
    st_rdev = 0
    st_size = 23
    st_blksize = 4096
    st_blocks = 8
    st_atime = 0x5d6f38b9
    st_mtime = 0x5d6f2c41
    st_ctime = 0x5d6f2c41

bb_getattr(path="/testTweakfs.c~", statbuf=0x5e019c30)
    bb_fullpath:  rootdir = "/home/hw210/566ece/fuse-tutorial-2018-02-04/example/testdir", path = "/testTweakfs.c~", fpath = "/home/hw210/566ece/fuse-tutorial-2018-02-04/example/testdir/testTweakfs.c~"
    lstat returned 0
    si:
    st_dev = 64770
    st_ino = 12583124
    st_mode = 0100664
    st_nlink = 1
    st_uid = 1187498
    st_gid = 1002
    st_rdev = 0
    st_size = 530
    st_blksize = 4096
    st_blocks = 8
    st_atime = 0x5d6fcfc0
    st_mtime = 0x5d6fcfad
    st_ctime = 0x5d6fd2cd

bb_getattr(path="/testTweakfs.c", statbuf=0x5d818c30)
    bb_fullpath:  rootdir = "/home/hw210/566ece/fuse-tutorial-2018-02-04/example/testdir", path = "/testTweakfs.c", fpath = "/home/hw210/566ece/fuse-tutorial-2018-02-04/example/testdir/testTweakfs.c"
    lstat returned 0
    si:
    st_dev = 64770
    st_ino = 12583125
    st_mode = 0100664
    st_nlink = 1
    st_uid = 1187498
    st_gid = 1002
    st_rdev = 0
    st_size = 559
    st_blksize = 4096
    st_blocks = 8
    st_atime = 0x5d6fd2cf
    st_mtime = 0x5d6fd2cd
    st_ctime = 0x5d6fd2cd

bb_getattr(path="/testTweakfs", statbuf=0x5e81ac30)
    bb_fullpath:  rootdir = "/home/hw210/566ece/fuse-tutorial-2018-02-04/example/testdir", path = "/testTweakfs", fpath = "/home/hw210/566ece/fuse-tutorial-2018-02-04/example/testdir/testTweakfs"
    lstat returned 0
    si:
    st_dev = 64770
    st_ino = 12583121
    st_mode = 0100775
    st_nlink = 1
    st_uid = 1187498
    st_gid = 1002
    st_rdev = 0
    st_size = 8584
    st_blksize = 4096
    st_blocks = 24
    st_atime = 0x5d6fd2ed
    st_mtime = 0x5d6fd2cf
    st_ctime = 0x5d6fd2cf
comes in buddy condition jump!

bb_releasedir(path="/", fi=0x5e81ac30)
    fi:
    flags = 0x00000000
    fh_old = 0x7fe95800a6a0
    writepage = 0
    direct_io = 0
    keep_cache = 0
    fh = 0x00007fe95800a6a0
    lock_owner = 0x0000000000000000

bb_opendir(path="/", fi=0x5e019c20)
    bb_fullpath:  rootdir = "/home/hw210/566ece/fuse-tutorial-2018-02-04/example/testdir", path = "/", fpath = "/home/hw210/566ece/fuse-tutorial-2018-02-04/example/testdir/"
    opendir returned 0x0x7fe950001450
    fi:
    flags = 0x00018800
    fh_old = 0x00000000
    writepage = 0
    direct_io = 0
    keep_cache = 0
    fh = 0x00007fe950001450
    lock_owner = 0x0000000000000000

bb_getattr(path="/", statbuf=0x5d818c00)
    bb_fullpath:  rootdir = "/home/hw210/566ece/fuse-tutorial-2018-02-04/example/testdir", path = "/", fpath = "/home/hw210/566ece/fuse-tutorial-2018-02-04/example/testdir/"
    lstat returned 0
    si:
    st_dev = 64770
    st_ino = 12583116
    st_mode = 040775
    st_nlink = 2
    st_uid = 1187498
    st_gid = 1002
    st_rdev = 0
    st_size = 87
    st_blksize = 4096
    st_blocks = 0
    st_atime = 0x5d6fd2d7
    st_mtime = 0x5d6fd2cf
    st_ctime = 0x5d6fd2cf

bb_readdir(path="/", buf=0x500013d0, filler=0x5f037d00, offset=0, fi=0x5e81ac20)
    readdir returned 0x0x7fe950001480
calling filler with name .
calling filler with name ..
calling filler with name newFile.txt
calling filler with name testTweakfs.c~
calling filler with name testTweakfs.c
calling filler with name testTweakfs
calling filler with name buddy.txt
    fi:
    flags = 0x00000000
    fh_old = 0x7fe950001450
    writepage = 0
    direct_io = 0
    keep_cache = 0
    fh = 0x00007fe950001450
    lock_owner = 0x0000000000000000

bb_getattr(path="/newFile.txt", statbuf=0x5e019c30)
    bb_fullpath:  rootdir = "/home/hw210/566ece/fuse-tutorial-2018-02-04/example/testdir", path = "/newFile.txt", fpath = "/home/hw210/566ece/fuse-tutorial-2018-02-04/example/testdir/newFile.txt"
    lstat returned 0
    si:
    st_dev = 64770
    st_ino = 12583123
    st_mode = 0100664
    st_nlink = 1
    st_uid = 1187498
    st_gid = 1002
    st_rdev = 0
    st_size = 23
    st_blksize = 4096
    st_blocks = 8
    st_atime = 0x5d6f38b9
    st_mtime = 0x5d6f2c41
    st_ctime = 0x5d6f2c41

bb_getattr(path="/testTweakfs.c~", statbuf=0x5d818c30)
    bb_fullpath:  rootdir = "/home/hw210/566ece/fuse-tutorial-2018-02-04/example/testdir", path = "/testTweakfs.c~", fpath = "/home/hw210/566ece/fuse-tutorial-2018-02-04/example/testdir/testTweakfs.c~"
    lstat returned 0
    si:
    st_dev = 64770
    st_ino = 12583124
    st_mode = 0100664
    st_nlink = 1
    st_uid = 1187498
    st_gid = 1002
    st_rdev = 0
    st_size = 530
    st_blksize = 4096
    st_blocks = 8
    st_atime = 0x5d6fcfc0
    st_mtime = 0x5d6fcfad
    st_ctime = 0x5d6fd2cd

bb_getattr(path="/testTweakfs.c", statbuf=0x5e81ac30)
    bb_fullpath:  rootdir = "/home/hw210/566ece/fuse-tutorial-2018-02-04/example/testdir", path = "/testTweakfs.c", fpath = "/home/hw210/566ece/fuse-tutorial-2018-02-04/example/testdir/testTweakfs.c"
    lstat returned 0
    si:
    st_dev = 64770
    st_ino = 12583125
    st_mode = 0100664
    st_nlink = 1
    st_uid = 1187498
    st_gid = 1002
    st_rdev = 0
    st_size = 559
    st_blksize = 4096
    st_blocks = 8
    st_atime = 0x5d6fd2cf
    st_mtime = 0x5d6fd2cd
    st_ctime = 0x5d6fd2cd

bb_getattr(path="/testTweakfs", statbuf=0x5e019c30)
    bb_fullpath:  rootdir = "/home/hw210/566ece/fuse-tutorial-2018-02-04/example/testdir", path = "/testTweakfs", fpath = "/home/hw210/566ece/fuse-tutorial-2018-02-04/example/testdir/testTweakfs"
    lstat returned 0
    si:
    st_dev = 64770
    st_ino = 12583121
    st_mode = 0100775
    st_nlink = 1
    st_uid = 1187498
    st_gid = 1002
    st_rdev = 0
    st_size = 8584
    st_blksize = 4096
    st_blocks = 24
    st_atime = 0x5d6fd2ed
    st_mtime = 0x5d6fd2cf
    st_ctime = 0x5d6fd2cf
comes in buddy condition jump!

bb_releasedir(path="/", fi=0x5e019c30)
    fi:
    flags = 0x00000000
    fh_old = 0x7fe950001450
    writepage = 0
    direct_io = 0
    keep_cache = 0
    fh = 0x00007fe950001450
    lock_owner = 0x0000000000000000

bb_getattr(path="/", statbuf=0x5d818c00)
    bb_fullpath:  rootdir = "/home/hw210/566ece/fuse-tutorial-2018-02-04/example/testdir", path = "/", fpath = "/home/hw210/566ece/fuse-tutorial-2018-02-04/example/testdir/"
    lstat returned 0
    si:
    st_dev = 64770
    st_ino = 12583116
    st_mode = 040775
    st_nlink = 2
    st_uid = 1187498
    st_gid = 1002
    st_rdev = 0
    st_size = 87
    st_blksize = 4096
    st_blocks = 0
    st_atime = 0x5d6fd2d7
    st_mtime = 0x5d6fd2cf
    st_ctime = 0x5d6fd2cf

bb_getattr(path="/.git", statbuf=0x5e81ac30)
    bb_fullpath:  rootdir = "/home/hw210/566ece/fuse-tutorial-2018-02-04/example/testdir", path = "/.git", fpath = "/home/hw210/566ece/fuse-tutorial-2018-02-04/example/testdir/.git"
    lstat returned -1
    ERROR lstat: No such file or directory
    si:
    st_dev = 0
    st_ino = 0
    st_mode = 00
    st_nlink = 0
    st_uid = 0
    st_gid = 0
    st_rdev = 0
    st_size = 0
    st_blksize = 0
    st_blocks = 0
    st_atime = 0x00000000
    st_mtime = 0x00000000
    st_ctime = 0x00000000

bb_getattr(path="/.git", statbuf=0x5e019c30)
    bb_fullpath:  rootdir = "/home/hw210/566ece/fuse-tutorial-2018-02-04/example/testdir", path = "/.git", fpath = "/home/hw210/566ece/fuse-tutorial-2018-02-04/example/testdir/.git"
    lstat returned -1
    ERROR lstat: No such file or directory
    si:
    st_dev = 0
    st_ino = 0
    st_mode = 00
    st_nlink = 0
    st_uid = 0
    st_gid = 0
    st_rdev = 0
    st_size = 0
    st_blksize = 0
    st_blocks = 0
    st_atime = 0x00000000
    st_mtime = 0x00000000
    st_ctime = 0x00000000

bb_opendir(path="/", fi=0x5d818c20)
    bb_fullpath:  rootdir = "/home/hw210/566ece/fuse-tutorial-2018-02-04/example/testdir", path = "/", fpath = "/home/hw210/566ece/fuse-tutorial-2018-02-04/example/testdir/"
    opendir returned 0x0x7fe9540017e0
    fi:
    flags = 0x00018800
    fh_old = 0x00000000
    writepage = 0
    direct_io = 0
    keep_cache = 0
    fh = 0x00007fe9540017e0
    lock_owner = 0x0000000000000000

bb_getattr(path="/", statbuf=0x5e81ac00)
    bb_fullpath:  rootdir = "/home/hw210/566ece/fuse-tutorial-2018-02-04/example/testdir", path = "/", fpath = "/home/hw210/566ece/fuse-tutorial-2018-02-04/example/testdir/"
    lstat returned 0
    si:
    st_dev = 64770
    st_ino = 12583116
    st_mode = 040775
    st_nlink = 2
    st_uid = 1187498
    st_gid = 1002
    st_rdev = 0
    st_size = 87
    st_blksize = 4096
    st_blocks = 0
    st_atime = 0x5d6fd2d7
    st_mtime = 0x5d6fd2cf
    st_ctime = 0x5d6fd2cf

bb_readdir(path="/", buf=0x54001760, filler=0x5f037d00, offset=0, fi=0x5e019c20)
    readdir returned 0x0x7fe954001810
calling filler with name .
calling filler with name ..
calling filler with name newFile.txt
calling filler with name testTweakfs.c~
calling filler with name testTweakfs.c
calling filler with name testTweakfs
calling filler with name buddy.txt
    fi:
    flags = 0x00000000
    fh_old = 0x7fe9540017e0
    writepage = 0
    direct_io = 0
    keep_cache = 0
    fh = 0x00007fe9540017e0
    lock_owner = 0x0000000000000000

bb_getattr(path="/newFile.txt", statbuf=0x5d818c30)
    bb_fullpath:  rootdir = "/home/hw210/566ece/fuse-tutorial-2018-02-04/example/testdir", path = "/newFile.txt", fpath = "/home/hw210/566ece/fuse-tutorial-2018-02-04/example/testdir/newFile.txt"
    lstat returned 0
    si:
    st_dev = 64770
    st_ino = 12583123
    st_mode = 0100664
    st_nlink = 1
    st_uid = 1187498
    st_gid = 1002
    st_rdev = 0
    st_size = 23
    st_blksize = 4096
    st_blocks = 8
    st_atime = 0x5d6f38b9
    st_mtime = 0x5d6f2c41
    st_ctime = 0x5d6f2c41

bb_getattr(path="/.gitignore", statbuf=0x5e81ac30)
    bb_fullpath:  rootdir = "/home/hw210/566ece/fuse-tutorial-2018-02-04/example/testdir", path = "/.gitignore", fpath = "/home/hw210/566ece/fuse-tutorial-2018-02-04/example/testdir/.gitignore"
    lstat returned -1
    ERROR lstat: No such file or directory
    si:
    st_dev = 0
    st_ino = 0
    st_mode = 00
    st_nlink = 0
    st_uid = 0
    st_gid = 0
    st_rdev = 0
    st_size = 0
    st_blksize = 0
    st_blocks = 0
    st_atime = 0x00000000
    st_mtime = 0x00000000
    st_ctime = 0x00000000

bb_getattr(path="/testTweakfs.c~", statbuf=0x5e019c30)
    bb_fullpath:  rootdir = "/home/hw210/566ece/fuse-tutorial-2018-02-04/example/testdir", path = "/testTweakfs.c~", fpath = "/home/hw210/566ece/fuse-tutorial-2018-02-04/example/testdir/testTweakfs.c~"
    lstat returned 0
    si:
    st_dev = 64770
    st_ino = 12583124
    st_mode = 0100664
    st_nlink = 1
    st_uid = 1187498
    st_gid = 1002
    st_rdev = 0
    st_size = 530
    st_blksize = 4096
    st_blocks = 8
    st_atime = 0x5d6fcfc0
    st_mtime = 0x5d6fcfad
    st_ctime = 0x5d6fd2cd

bb_getattr(path="/testTweakfs.c", statbuf=0x5d818c30)
    bb_fullpath:  rootdir = "/home/hw210/566ece/fuse-tutorial-2018-02-04/example/testdir", path = "/testTweakfs.c", fpath = "/home/hw210/566ece/fuse-tutorial-2018-02-04/example/testdir/testTweakfs.c"
    lstat returned 0
    si:
    st_dev = 64770
    st_ino = 12583125
    st_mode = 0100664
    st_nlink = 1
    st_uid = 1187498
    st_gid = 1002
    st_rdev = 0
    st_size = 559
    st_blksize = 4096
    st_blocks = 8
    st_atime = 0x5d6fd2cf
    st_mtime = 0x5d6fd2cd
    st_ctime = 0x5d6fd2cd

bb_getattr(path="/testTweakfs", statbuf=0x5e81ac30)
    bb_fullpath:  rootdir = "/home/hw210/566ece/fuse-tutorial-2018-02-04/example/testdir", path = "/testTweakfs", fpath = "/home/hw210/566ece/fuse-tutorial-2018-02-04/example/testdir/testTweakfs"
    lstat returned 0
    si:
    st_dev = 64770
    st_ino = 12583121
    st_mode = 0100775
    st_nlink = 1
    st_uid = 1187498
    st_gid = 1002
    st_rdev = 0
    st_size = 8584
    st_blksize = 4096
    st_blocks = 24
    st_atime = 0x5d6fd2ed
    st_mtime = 0x5d6fd2cf
    st_ctime = 0x5d6fd2cf
comes in buddy condition jump!

bb_releasedir(path="/", fi=0x5e81ac30)
    fi:
    flags = 0x00000000
    fh_old = 0x7fe9540017e0
    writepage = 0
    direct_io = 0
    keep_cache = 0
    fh = 0x00007fe9540017e0
    lock_owner = 0x0000000000000000
you come to bb_open!
path is: /buddy.txt

bb_open(path"/buddy.txt", fi=0x5e019ce0)
    bb_fullpath:  rootdir = "/home/hw210/566ece/fuse-tutorial-2018-02-04/example/testdir", path = "/buddy.txt", fpath = "/home/hw210/566ece/fuse-tutorial-2018-02-04/example/testdir/buddy.txt"
    open returned -1
    ERROR open: No such file or directory
    ERROR open: No such file or directory
    fi:
    flags = 0x00008000
    fh_old = 0x00000000
    writepage = 0
    direct_io = 0
    keep_cache = 0
    fh = 0xfffffffffffffffe
    lock_owner = 0x0000000000000000

bb_destroy(userdata=0xc85a0260)
